<?xml version="1.0" encoding="UTF-8"?>
<testng-results skipped="0" failed="0" ignored="0" total="1" passed="1">
  <reporter-output>
  </reporter-output>
  <suite name="EBANKING" duration-ms="20290" started-at="2021-05-18T18:03:38 IST" finished-at="2021-05-18T18:03:58 IST">
    <groups>
    </groups>
    <test name="Banking app test" duration-ms="20290" started-at="2021-05-18T18:03:38 IST" finished-at="2021-05-18T18:03:58 IST">
      <class name="com.EBANKING.testcase.TC_Addcustomerpage_003">
        <test-method status="PASS" signature="setup(java.lang.String)[pri:0, instance:com.EBANKING.testcase.TC_Addcustomerpage_003@5383967b]" name="setup" is-config="true" duration-ms="7004" started-at="2021-05-18T18:03:38 IST" finished-at="2021-05-18T18:03:45 IST">
          <params>
            <param index="0">
              <value>
                <![CDATA[chrome]]>
              </value>
            </param>
          </params>
          <reporter-output>
          </reporter-output>
        </test-method> <!-- setup -->
        <test-method status="PASS" signature="Addnewcustomer()[pri:0, instance:com.EBANKING.testcase.TC_Addcustomerpage_003@5383967b]" name="Addnewcustomer" duration-ms="12401" started-at="2021-05-18T18:03:45 IST" finished-at="2021-05-18T18:03:57 IST">
          <reporter-output>
          </reporter-output>
        </test-method> <!-- Addnewcustomer -->
        <test-method status="PASS" signature="teardown()[pri:0, instance:com.EBANKING.testcase.TC_Addcustomerpage_003@5383967b]" name="teardown" is-config="true" duration-ms="628" started-at="2021-05-18T18:03:57 IST" finished-at="2021-05-18T18:03:58 IST">
          <reporter-output>
          </reporter-output>
        </test-method> <!-- teardown -->
      </class> <!-- com.EBANKING.testcase.TC_Addcustomerpage_003 -->
    </test> <!-- Banking app test -->
  </suite> <!-- EBANKING -->
</testng-results>
